# JRE version: OpenJDK Runtime Environment Corretto-11.0.13.8.1 (11.0.13+8) (build 11.0.13+8-LTS)
# Java VM: OpenJDK 64-Bit Server VM Corretto-11.0.13.8.1 (11.0.13+8-LTS, mixed mode, tiered, compressed oops, g1 gc, windows-amd64)
Heap:
 garbage-first heap   total 196608K, used 21335K [0x0000000741e00000, 0x0000000800000000)
  region size 1024K, 13 young (13312K), 3 survivors (3072K)
 Metaspace       used 21453K, capacity 22105K, committed 22144K, reserved 1069056K
  class space    used 2415K, capacity 2652K, committed 2688K, reserved 1048576K
GC Heap History (10 events):
Event: 1.588 GC heap before
{Heap before GC invocations=0 (full 0):
 garbage-first heap   total 196608K, used 15360K [0x0000000741e00000, 0x0000000800000000)
  region size 1024K, 14 young (14336K), 0 survivors (0K)
 Metaspace       used 9431K, capacity 9569K, committed 9728K, reserved 1058816K
  class space    used 843K, capacity 910K, committed 1024K, reserved 1048576K
}
Event: 1.601 GC heap after
{Heap after GC invocations=1 (full 0):
 garbage-first heap   total 196608K, used 9761K [0x0000000741e00000, 0x0000000800000000)
  region size 1024K, 2 young (2048K), 2 survivors (2048K)
 Metaspace       used 9431K, capacity 9569K, committed 9728K, reserved 1058816K
  class space    used 843K, capacity 910K, committed 1024K, reserved 1048576K
}
Event: 2.104 GC heap before
{Heap before GC invocations=1 (full 0):
 garbage-first heap   total 196608K, used 16929K [0x0000000741e00000, 0x0000000800000000)
  region size 1024K, 9 young (9216K), 2 survivors (2048K)
 Metaspace       used 10784K, capacity 11012K, committed 11136K, reserved 1058816K
  class space    used 1012K, capacity 1094K, committed 1152K, reserved 1048576K
}
Event: 2.112 GC heap after
{Heap after GC invocations=2 (full 0):
 garbage-first heap   total 196608K, used 10170K [0x0000000741e00000, 0x0000000800000000)
  region size 1024K, 1 young (1024K), 1 survivors (1024K)
 Metaspace       used 10784K, capacity 11012K, committed 11136K, reserved 1058816K
  class space    used 1012K, capacity 1094K, committed 1152K, reserved 1048576K
}
Event: 4.108 GC heap before
{Heap before GC invocations=2 (full 0):
 garbage-first heap   total 196608K, used 29626K [0x0000000741e00000, 0x0000000800000000)
  region size 1024K, 20 young (20480K), 1 survivors (1024K)
 Metaspace       used 14803K, capacity 15282K, committed 15360K, reserved 1062912K
  class space    used 1544K, capacity 1740K, committed 1792K, reserved 1048576K
}
Event: 4.113 GC heap after
{Heap after GC invocations=3 (full 0):
 garbage-first heap   total 196608K, used 11247K [0x0000000741e00000, 0x0000000800000000)
  region size 1024K, 2 young (2048K), 2 survivors (2048K)
 Metaspace       used 14803K, capacity 15282K, committed 15360K, reserved 1062912K
  class space    used 1544K, capacity 1740K, committed 1792K, reserved 1048576K
}
Event: 5.221 GC heap before
{Heap before GC invocations=3 (full 0):
 garbage-first heap   total 196608K, used 54255K [0x0000000741e00000, 0x0000000800000000)
  region size 1024K, 44 young (45056K), 2 survivors (2048K)
 Metaspace       used 19232K, capacity 19779K, committed 20096K, reserved 1067008K
  class space    used 2097K, capacity 2323K, committed 2432K, reserved 1048576K
}
Event: 5.226 GC heap after
{Heap after GC invocations=4 (full 0):
 garbage-first heap   total 196608K, used 11847K [0x0000000741e00000, 0x0000000800000000)
  region size 1024K, 2 young (2048K), 2 survivors (2048K)
 Metaspace       used 19232K, capacity 19779K, committed 20096K, reserved 1067008K
  class space    used 2097K, capacity 2323K, committed 2432K, reserved 1048576K
}
Event: 5.553 GC heap before
{Heap before GC invocations=4 (full 0):
 garbage-first heap   total 196608K, used 28231K [0x0000000741e00000, 0x0000000800000000)
  region size 1024K, 19 young (19456K), 2 survivors (2048K)
 Metaspace       used 20610K, capacity 21195K, committed 21248K, reserved 1069056K
  class space    used 2302K, capacity 2519K, committed 2560K, reserved 1048576K
}
Event: 5.558 GC heap after
{Heap after GC invocations=5 (full 0):
 garbage-first heap   total 196608K, used 12119K [0x0000000741e00000, 0x0000000800000000)
  region size 1024K, 3 young (3072K), 3 survivors (3072K)
 Metaspace       used 20610K, capacity 21195K, committed 21248K, reserved 1069056K
  class space    used 2302K, capacity 2519K, committed 2560K, reserved 1048576K
}

